
=== 🧠 Deployment Setup ===
Enter GitHub Repo URL: Enter GitHub Personal Access Token: Enter Branch name (default: main): Enter SSH Username: Enter Server IP Address: Enter SSH Key Path: Enter Application Port: [INFO] Preparing remote directory for deployment...
Pseudo-terminal will not be allocated because stdin is not a terminal.
Welcome to Ubuntu 24.04.3 LTS (GNU/Linux 6.14.0-1011-aws x86_64)

 * Documentation:  https://help.ubuntu.com
 * Management:     https://landscape.canonical.com
 * Support:        https://ubuntu.com/pro

 System information as of Wed Oct 22 00:04:14 UTC 2025

  System load:  0.08              Processes:             119
  Usage of /:   38.6% of 6.71GB   Users logged in:       1
  Memory usage: 29%               IPv4 address for enX0: 172.31.23.101
  Swap usage:   0%

 * Ubuntu Pro delivers the most comprehensive open source security and
   compliance features.

   https://ubuntu.com/aws/pro

Expanded Security Maintenance for Applications is not enabled.

60 updates can be applied immediately.
29 of these updates are standard security updates.
To see these additional updates run: apt list --upgradable

1 additional security update can be applied with ESM Apps.
Learn more about enabling ESM Apps service at https://ubuntu.com/esm


[SUCCESS] Remote directory ready.
[INFO] Cloning repository on remote server...
Pseudo-terminal will not be allocated because stdin is not a terminal.
Welcome to Ubuntu 24.04.3 LTS (GNU/Linux 6.14.0-1011-aws x86_64)

 * Documentation:  https://help.ubuntu.com
 * Management:     https://landscape.canonical.com
 * Support:        https://ubuntu.com/pro

 System information as of Wed Oct 22 00:04:14 UTC 2025

  System load:  0.08              Processes:             119
  Usage of /:   38.6% of 6.71GB   Users logged in:       1
  Memory usage: 29%               IPv4 address for enX0: 172.31.23.101
  Swap usage:   0%

 * Ubuntu Pro delivers the most comprehensive open source security and
   compliance features.

   https://ubuntu.com/aws/pro

Expanded Security Maintenance for Applications is not enabled.

60 updates can be applied immediately.
29 of these updates are standard security updates.
To see these additional updates run: apt list --upgradable

1 additional security update can be applied with ESM Apps.
Learn more about enabling ESM Apps service at https://ubuntu.com/esm


Cloning into '.'...
[SUCCESS] Repository cloned/updated on remote server.
[INFO] Installing Docker, Docker Compose, and Nginx...
Pseudo-terminal will not be allocated because stdin is not a terminal.
Welcome to Ubuntu 24.04.3 LTS (GNU/Linux 6.14.0-1011-aws x86_64)

 * Documentation:  https://help.ubuntu.com
 * Management:     https://landscape.canonical.com
 * Support:        https://ubuntu.com/pro

 System information as of Wed Oct 22 00:04:14 UTC 2025

  System load:  0.08              Processes:             119
  Usage of /:   38.6% of 6.71GB   Users logged in:       1
  Memory usage: 29%               IPv4 address for enX0: 172.31.23.101
  Swap usage:   0%

 * Ubuntu Pro delivers the most comprehensive open source security and
   compliance features.

   https://ubuntu.com/aws/pro

Expanded Security Maintenance for Applications is not enabled.

60 updates can be applied immediately.
29 of these updates are standard security updates.
To see these additional updates run: apt list --upgradable

1 additional security update can be applied with ESM Apps.
Learn more about enabling ESM Apps service at https://ubuntu.com/esm



WARNING: apt does not have a stable CLI interface. Use with caution in scripts.

Hit:1 http://us-east-1.ec2.archive.ubuntu.com/ubuntu noble InRelease
Hit:2 http://us-east-1.ec2.archive.ubuntu.com/ubuntu noble-updates InRelease
Hit:3 http://us-east-1.ec2.archive.ubuntu.com/ubuntu noble-backports InRelease
Hit:4 http://security.ubuntu.com/ubuntu noble-security InRelease
Reading package lists...
Building dependency tree...
Reading state information...
55 packages can be upgraded. Run 'apt list --upgradable' to see them.

WARNING: apt does not have a stable CLI interface. Use with caution in scripts.Reading package lists...
Building dependency tree...


Reading state information...
docker.io is already the newest version (28.2.2-0ubuntu1~24.04.1).
docker-compose is already the newest version (1.29.2-6ubuntu1).
nginx is already the newest version (1.24.0-2ubuntu7.5).
0 upgraded, 0 newly installed, 0 to remove and 55 not upgraded.
Docker version 28.2.2, build 28.2.2-0ubuntu1~24.04.1
nginx version: nginx/1.24.0 (Ubuntu)
[SUCCESS] Dependencies installed successfully.
[INFO] Building and running Docker container...
Pseudo-terminal will not be allocated because stdin is not a terminal.
Welcome to Ubuntu 24.04.3 LTS (GNU/Linux 6.14.0-1011-aws x86_64)

 * Documentation:  https://help.ubuntu.com
 * Management:     https://landscape.canonical.com
 * Support:        https://ubuntu.com/pro

 System information as of Wed Oct 22 00:04:14 UTC 2025

  System load:  0.08              Processes:             119
  Usage of /:   38.6% of 6.71GB   Users logged in:       1
  Memory usage: 29%               IPv4 address for enX0: 172.31.23.101
  Swap usage:   0%

 * Ubuntu Pro delivers the most comprehensive open source security and
   compliance features.

   https://ubuntu.com/aws/pro

Expanded Security Maintenance for Applications is not enabled.

60 updates can be applied immediately.
29 of these updates are standard security updates.
To see these additional updates run: apt list --upgradable

1 additional security update can be applied with ESM Apps.
Learn more about enabling ESM Apps service at https://ubuntu.com/esm


Building Docker image...
DEPRECATED: The legacy builder is deprecated and will be removed in a future release.
            Install the buildx component to build images with BuildKit:
            https://docs.docker.com/go/buildx/

Sending build context to Docker daemon  154.6kB
Step 1/4 : FROM nginx:latest
 ---> 657fdcd1c365
Step 2/4 : COPY index.html /usr/share/nginx/html/index.html
 ---> Using cache
 ---> 2d92c4dc3b2b
Step 3/4 : EXPOSE 80
 ---> Using cache
 ---> 7f95ce691f78
Step 4/4 : CMD ["nginx", "-g", "daemon off;"]
 ---> Using cache
 ---> ed49cd23fb51
Successfully built ed49cd23fb51
Successfully tagged myapp:latest
Checking for existing myapp container...
Removing existing myapp container...
myapp
Running new container...
22e8cfc710f81982a1320cbd8ed1e2d5d636a8d9794012077f5912d67fb90bc9
[SUCCESS] Docker container deployed successfully.
[INFO] Configuring Nginx reverse proxy...
Pseudo-terminal will not be allocated because stdin is not a terminal.
Welcome to Ubuntu 24.04.3 LTS (GNU/Linux 6.14.0-1011-aws x86_64)

 * Documentation:  https://help.ubuntu.com
 * Management:     https://landscape.canonical.com
 * Support:        https://ubuntu.com/pro

 System information as of Wed Oct 22 00:04:14 UTC 2025

  System load:  0.08              Processes:             119
  Usage of /:   38.6% of 6.71GB   Users logged in:       1
  Memory usage: 29%               IPv4 address for enX0: 172.31.23.101
  Swap usage:   0%

 * Ubuntu Pro delivers the most comprehensive open source security and
   compliance features.

   https://ubuntu.com/aws/pro

Expanded Security Maintenance for Applications is not enabled.

60 updates can be applied immediately.
29 of these updates are standard security updates.
To see these additional updates run: apt list --upgradable

1 additional security update can be applied with ESM Apps.
Learn more about enabling ESM Apps service at https://ubuntu.com/esm


2025/10/22 00:04:34 [emerg] 9978#9978: invalid number of arguments in "proxy_set_header" directive in /etc/nginx/sites-enabled/myapp:8
nginx: configuration file /etc/nginx/nginx.conf test failed

[❌ ERROR] Something failed. Check logs/deploy_20251022_010253.log for details.

