
=== 🧠 Deployment Setup ===
Enter GitHub Repo URL: Enter GitHub Personal Access Token: Enter Branch name (default: main): Enter SSH Username: Enter Server IP Address: Enter SSH Key Path: Enter Application Port (local container port): [INFO] Preparing remote directory for deployment...
Pseudo-terminal will not be allocated because stdin is not a terminal.
Welcome to Ubuntu 24.04.3 LTS (GNU/Linux 6.14.0-1011-aws x86_64)

 * Documentation:  https://help.ubuntu.com
 * Management:     https://landscape.canonical.com
 * Support:        https://ubuntu.com/pro

 System information as of Wed Oct 22 07:21:53 UTC 2025

  System load:  0.0               Processes:             114
  Usage of /:   41.1% of 6.71GB   Users logged in:       0
  Memory usage: 33%               IPv4 address for enX0: 172.31.23.101
  Swap usage:   0%

 * Ubuntu Pro delivers the most comprehensive open source security and
   compliance features.

   https://ubuntu.com/aws/pro

Expanded Security Maintenance for Applications is not enabled.

34 updates can be applied immediately.
To see these additional updates run: apt list --upgradable

1 additional security update can be applied with ESM Apps.
Learn more about enabling ESM Apps service at https://ubuntu.com/esm


*** System restart required ***
[SUCCESS] Remote directory ready.
[INFO] Cloning repository on remote server...
Pseudo-terminal will not be allocated because stdin is not a terminal.
Welcome to Ubuntu 24.04.3 LTS (GNU/Linux 6.14.0-1011-aws x86_64)

 * Documentation:  https://help.ubuntu.com
 * Management:     https://landscape.canonical.com
 * Support:        https://ubuntu.com/pro

 System information as of Wed Oct 22 07:21:53 UTC 2025

  System load:  0.0               Processes:             114
  Usage of /:   41.1% of 6.71GB   Users logged in:       0
  Memory usage: 33%               IPv4 address for enX0: 172.31.23.101
  Swap usage:   0%

 * Ubuntu Pro delivers the most comprehensive open source security and
   compliance features.

   https://ubuntu.com/aws/pro

Expanded Security Maintenance for Applications is not enabled.

34 updates can be applied immediately.
To see these additional updates run: apt list --upgradable

1 additional security update can be applied with ESM Apps.
Learn more about enabling ESM Apps service at https://ubuntu.com/esm


*** System restart required ***
Cloning into '.'...
[SUCCESS] Repository cloned/updated on remote server.
[INFO] Installing Docker, Docker Compose, and Nginx...
Pseudo-terminal will not be allocated because stdin is not a terminal.
Welcome to Ubuntu 24.04.3 LTS (GNU/Linux 6.14.0-1011-aws x86_64)

 * Documentation:  https://help.ubuntu.com
 * Management:     https://landscape.canonical.com
 * Support:        https://ubuntu.com/pro

 System information as of Wed Oct 22 07:21:53 UTC 2025

  System load:  0.0               Processes:             114
  Usage of /:   41.1% of 6.71GB   Users logged in:       0
  Memory usage: 33%               IPv4 address for enX0: 172.31.23.101
  Swap usage:   0%

 * Ubuntu Pro delivers the most comprehensive open source security and
   compliance features.

   https://ubuntu.com/aws/pro

Expanded Security Maintenance for Applications is not enabled.

34 updates can be applied immediately.
To see these additional updates run: apt list --upgradable

1 additional security update can be applied with ESM Apps.
Learn more about enabling ESM Apps service at https://ubuntu.com/esm


*** System restart required ***

WARNING: apt does not have a stable CLI interface. Use with caution in scripts.

Hit:1 http://us-east-1.ec2.archive.ubuntu.com/ubuntu noble InRelease
Get:2 http://us-east-1.ec2.archive.ubuntu.com/ubuntu noble-updates InRelease [126 kB]
Get:3 http://us-east-1.ec2.archive.ubuntu.com/ubuntu noble-backports InRelease [126 kB]
Get:4 http://security.ubuntu.com/ubuntu noble-security InRelease [126 kB]
Get:5 http://us-east-1.ec2.archive.ubuntu.com/ubuntu noble-updates/main amd64 Packages [1535 kB]
Get:6 http://us-east-1.ec2.archive.ubuntu.com/ubuntu noble-updates/main Translation-en [292 kB]
Get:7 http://us-east-1.ec2.archive.ubuntu.com/ubuntu noble-updates/main amd64 Components [175 kB]
Get:8 http://us-east-1.ec2.archive.ubuntu.com/ubuntu noble-updates/main amd64 c-n-f Metadata [15.3 kB]
Get:9 http://us-east-1.ec2.archive.ubuntu.com/ubuntu noble-updates/universe amd64 Packages [1496 kB]
Get:10 http://us-east-1.ec2.archive.ubuntu.com/ubuntu noble-updates/universe amd64 Components [377 kB]
Get:11 http://us-east-1.ec2.archive.ubuntu.com/ubuntu noble-updates/universe amd64 c-n-f Metadata [31.3 kB]
Get:12 http://us-east-1.ec2.archive.ubuntu.com/ubuntu noble-updates/restricted amd64 Packages [2164 kB]
Get:13 http://us-east-1.ec2.archive.ubuntu.com/ubuntu noble-updates/restricted Translation-en [488 kB]
Get:14 http://us-east-1.ec2.archive.ubuntu.com/ubuntu noble-updates/restricted amd64 Components [212 B]
Get:15 http://us-east-1.ec2.archive.ubuntu.com/ubuntu noble-updates/multiverse amd64 Components [940 B]
Get:16 http://us-east-1.ec2.archive.ubuntu.com/ubuntu noble-backports/main amd64 Components [7152 B]
Get:17 http://us-east-1.ec2.archive.ubuntu.com/ubuntu noble-backports/universe amd64 Components [11.0 kB]
Get:18 http://us-east-1.ec2.archive.ubuntu.com/ubuntu noble-backports/restricted amd64 Components [216 B]
Get:19 http://us-east-1.ec2.archive.ubuntu.com/ubuntu noble-backports/multiverse amd64 Components [212 B]
Get:20 http://security.ubuntu.com/ubuntu noble-security/main amd64 Components [21.6 kB]
Get:21 http://security.ubuntu.com/ubuntu noble-security/main amd64 c-n-f Metadata [8972 B]
Get:22 http://security.ubuntu.com/ubuntu noble-security/universe amd64 Components [52.2 kB]
Get:23 http://security.ubuntu.com/ubuntu noble-security/universe amd64 c-n-f Metadata [19.3 kB]
Get:24 http://security.ubuntu.com/ubuntu noble-security/restricted amd64 Components [212 B]
Get:25 http://security.ubuntu.com/ubuntu noble-security/multiverse amd64 Components [212 B]
Fetched 7074 kB in 2s (3594 kB/s)
Reading package lists...
Building dependency tree...
Reading state information...
29 packages can be upgraded. Run 'apt list --upgradable' to see them.
Reading package lists...
WARNING: apt does not have a stable CLI interface. Use with caution in scripts.


Building dependency tree...
Reading state information...
docker.io is already the newest version (28.2.2-0ubuntu1~24.04.1).
docker-compose is already the newest version (1.29.2-6ubuntu1).
nginx is already the newest version (1.24.0-2ubuntu7.5).
0 upgraded, 0 newly installed, 0 to remove and 29 not upgraded.
Docker version 28.2.2, build 28.2.2-0ubuntu1~24.04.1
nginx version: nginx/1.24.0 (Ubuntu)
[SUCCESS] Dependencies installed successfully.
[INFO] Building and running Docker container...
Pseudo-terminal will not be allocated because stdin is not a terminal.
Welcome to Ubuntu 24.04.3 LTS (GNU/Linux 6.14.0-1011-aws x86_64)

 * Documentation:  https://help.ubuntu.com
 * Management:     https://landscape.canonical.com
 * Support:        https://ubuntu.com/pro

 System information as of Wed Oct 22 07:21:53 UTC 2025

  System load:  0.0               Processes:             114
  Usage of /:   41.1% of 6.71GB   Users logged in:       0
  Memory usage: 33%               IPv4 address for enX0: 172.31.23.101
  Swap usage:   0%

 * Ubuntu Pro delivers the most comprehensive open source security and
   compliance features.

   https://ubuntu.com/aws/pro

Expanded Security Maintenance for Applications is not enabled.

34 updates can be applied immediately.
To see these additional updates run: apt list --upgradable

1 additional security update can be applied with ESM Apps.
Learn more about enabling ESM Apps service at https://ubuntu.com/esm


*** System restart required ***
Building Docker image...
DEPRECATED: The legacy builder is deprecated and will be removed in a future release.
            Install the buildx component to build images with BuildKit:
            https://docs.docker.com/go/buildx/

Sending build context to Docker daemon  217.6kB
Step 1/4 : FROM nginx:latest
 ---> 657fdcd1c365
Step 2/4 : COPY index.html /usr/share/nginx/html/index.html
 ---> Using cache
 ---> 2d92c4dc3b2b
Step 3/4 : EXPOSE 80
 ---> Using cache
 ---> 7f95ce691f78
Step 4/4 : CMD ["nginx", "-g", "daemon off;"]
 ---> Using cache
 ---> ed49cd23fb51
Successfully built ed49cd23fb51
Successfully tagged myapp:latest
Stopping and removing existing container if it exists...
myapp
Running new container...
f739e5738631300bff487c73e8955e2a9f31ff90c6a19ae07a516db83568329b
[SUCCESS] Docker container deployed successfully.
[INFO] Configuring Nginx reverse proxy...
Pseudo-terminal will not be allocated because stdin is not a terminal.
Welcome to Ubuntu 24.04.3 LTS (GNU/Linux 6.14.0-1011-aws x86_64)

 * Documentation:  https://help.ubuntu.com
 * Management:     https://landscape.canonical.com
 * Support:        https://ubuntu.com/pro

 System information as of Wed Oct 22 07:21:53 UTC 2025

  System load:  0.0               Processes:             114
  Usage of /:   41.1% of 6.71GB   Users logged in:       0
  Memory usage: 33%               IPv4 address for enX0: 172.31.23.101
  Swap usage:   0%

 * Ubuntu Pro delivers the most comprehensive open source security and
   compliance features.

   https://ubuntu.com/aws/pro

Expanded Security Maintenance for Applications is not enabled.

34 updates can be applied immediately.
To see these additional updates run: apt list --upgradable

1 additional security update can be applied with ESM Apps.
Learn more about enabling ESM Apps service at https://ubuntu.com/esm


*** System restart required ***
[REMOTE] Testing Nginx config...
2025/10/22 07:22:27 [emerg] 24411#24411: invalid number of arguments in "proxy_set_header" directive in /etc/nginx/sites-enabled/default:7
nginx: configuration file /etc/nginx/nginx.conf test failed

[❌ ERROR] Something failed. Check logs/deploy_20251022_082014.log for details.

