
=== 🧠 Deployment Setup ===
Enter GitHub Repo URL: Enter GitHub Personal Access Token: Enter Branch name (default: main): Enter SSH Username: Enter Server IP Address: Enter SSH Key Path: Enter Application Port (local container port): [INFO] Preparing remote directory for deployment...
Pseudo-terminal will not be allocated because stdin is not a terminal.
Welcome to Ubuntu 24.04.3 LTS (GNU/Linux 6.14.0-1011-aws x86_64)

 * Documentation:  https://help.ubuntu.com
 * Management:     https://landscape.canonical.com
 * Support:        https://ubuntu.com/pro

 System information as of Wed Oct 22 08:25:59 UTC 2025

  System load:  0.0               Processes:             128
  Usage of /:   35.8% of 6.71GB   Users logged in:       0
  Memory usage: 8%                IPv4 address for enX0: 172.31.21.242
  Swap usage:   0%


Expanded Security Maintenance for Applications is not enabled.

60 updates can be applied immediately.
29 of these updates are standard security updates.
To see these additional updates run: apt list --upgradable

1 additional security update can be applied with ESM Apps.
Learn more about enabling ESM Apps service at https://ubuntu.com/esm


[SUCCESS] Remote directory ready.
[INFO] Cloning repository on remote server...
Pseudo-terminal will not be allocated because stdin is not a terminal.
Welcome to Ubuntu 24.04.3 LTS (GNU/Linux 6.14.0-1011-aws x86_64)

 * Documentation:  https://help.ubuntu.com
 * Management:     https://landscape.canonical.com
 * Support:        https://ubuntu.com/pro

 System information as of Wed Oct 22 08:25:59 UTC 2025

  System load:  0.0               Processes:             128
  Usage of /:   35.8% of 6.71GB   Users logged in:       0
  Memory usage: 8%                IPv4 address for enX0: 172.31.21.242
  Swap usage:   0%


Expanded Security Maintenance for Applications is not enabled.

60 updates can be applied immediately.
29 of these updates are standard security updates.
To see these additional updates run: apt list --upgradable

1 additional security update can be applied with ESM Apps.
Learn more about enabling ESM Apps service at https://ubuntu.com/esm


Cloning into '.'...
[SUCCESS] Repository cloned/updated on remote server.
[INFO] Installing Docker and Nginx...
Pseudo-terminal will not be allocated because stdin is not a terminal.
Welcome to Ubuntu 24.04.3 LTS (GNU/Linux 6.14.0-1011-aws x86_64)

 * Documentation:  https://help.ubuntu.com
 * Management:     https://landscape.canonical.com
 * Support:        https://ubuntu.com/pro

 System information as of Wed Oct 22 08:25:59 UTC 2025

  System load:  0.0               Processes:             128
  Usage of /:   35.8% of 6.71GB   Users logged in:       0
  Memory usage: 8%                IPv4 address for enX0: 172.31.21.242
  Swap usage:   0%


Expanded Security Maintenance for Applications is not enabled.

60 updates can be applied immediately.
29 of these updates are standard security updates.
To see these additional updates run: apt list --upgradable

1 additional security update can be applied with ESM Apps.
Learn more about enabling ESM Apps service at https://ubuntu.com/esm



WARNING: apt does not have a stable CLI interface. Use with caution in scripts.

Hit:1 http://us-east-1.ec2.archive.ubuntu.com/ubuntu noble InRelease
Hit:2 http://us-east-1.ec2.archive.ubuntu.com/ubuntu noble-updates InRelease
Hit:3 http://us-east-1.ec2.archive.ubuntu.com/ubuntu noble-backports InRelease
Hit:4 http://security.ubuntu.com/ubuntu noble-security InRelease
Reading package lists...
Building dependency tree...
Reading state information...
55 packages can be upgraded. Run 'apt list --upgradable' to see them.
Reading package lists...
WARNING: apt does not have a stable CLI interface. Use with caution in scripts.


Building dependency tree...
Reading state information...
docker.io is already the newest version (28.2.2-0ubuntu1~24.04.1).
docker-compose is already the newest version (1.29.2-6ubuntu1).
nginx is already the newest version (1.24.0-2ubuntu7.5).
0 upgraded, 0 newly installed, 0 to remove and 55 not upgraded.
Docker version 28.2.2, build 28.2.2-0ubuntu1~24.04.1
nginx version: nginx/1.24.0 (Ubuntu)
[SUCCESS] Dependencies installed successfully.
[INFO] Building and running Docker container...
Pseudo-terminal will not be allocated because stdin is not a terminal.
Welcome to Ubuntu 24.04.3 LTS (GNU/Linux 6.14.0-1011-aws x86_64)

 * Documentation:  https://help.ubuntu.com
 * Management:     https://landscape.canonical.com
 * Support:        https://ubuntu.com/pro

 System information as of Wed Oct 22 08:25:59 UTC 2025

  System load:  0.0               Processes:             128
  Usage of /:   35.8% of 6.71GB   Users logged in:       0
  Memory usage: 8%                IPv4 address for enX0: 172.31.21.242
  Swap usage:   0%


Expanded Security Maintenance for Applications is not enabled.

60 updates can be applied immediately.
29 of these updates are standard security updates.
To see these additional updates run: apt list --upgradable

1 additional security update can be applied with ESM Apps.
Learn more about enabling ESM Apps service at https://ubuntu.com/esm


Building Docker image...
Sending build context to Docker daemon  305.2kB
Step 1/4 : FROM nginx:latest
 ---> 657fdcd1c365
DEPRECATED: The legacy builder is deprecated and will be removed in a future release.
            Install the buildx component to build images with BuildKit:
            https://docs.docker.com/go/buildx/

Step 2/4 : COPY index.html /usr/share/nginx/html/index.html
 ---> Using cache
 ---> 852ab0197881
Step 3/4 : EXPOSE 80
 ---> Using cache
 ---> 7f59e59f9da2
Step 4/4 : CMD ["nginx", "-g", "daemon off;"]
 ---> Using cache
 ---> 03df964c086f
Successfully built 03df964c086f
Successfully tagged myapp:latest
Stopping and removing existing container if it exists...
myapp
Running new container...
4cc99e39eee39c3d32eaf7046803589cbb5c6c94d8744d63cb838426b6bcf788
[SUCCESS] Docker container deployed successfully.
[INFO] Configuring Nginx reverse proxy...
Pseudo-terminal will not be allocated because stdin is not a terminal.
Welcome to Ubuntu 24.04.3 LTS (GNU/Linux 6.14.0-1011-aws x86_64)

 * Documentation:  https://help.ubuntu.com
 * Management:     https://landscape.canonical.com
 * Support:        https://ubuntu.com/pro

 System information as of Wed Oct 22 08:25:59 UTC 2025

  System load:  0.0               Processes:             128
  Usage of /:   35.8% of 6.71GB   Users logged in:       0
  Memory usage: 8%                IPv4 address for enX0: 172.31.21.242
  Swap usage:   0%


Expanded Security Maintenance for Applications is not enabled.

60 updates can be applied immediately.
29 of these updates are standard security updates.
To see these additional updates run: apt list --upgradable

1 additional security update can be applied with ESM Apps.
Learn more about enabling ESM Apps service at https://ubuntu.com/esm


[REMOTE] Testing Nginx config...
2025/10/22 08:26:22 [emerg] 4075#4075: invalid number of arguments in "proxy_set_header" directive in /etc/nginx/sites-enabled/default:7
nginx: configuration file /etc/nginx/nginx.conf test failed

[❌ ERROR] Something failed. Check logs/deploy_20251022_092447.log for details.

