
=== 🧠 Deployment Setup ===
Enter GitHub Repo URL: Enter GitHub Personal Access Token: Enter Branch name (default: main): Enter SSH Username: Enter Server IP Address: Enter SSH Key Path: Enter Application Internal Port (container port, e.g., 80): [INFO] Preparing remote directory...
Pseudo-terminal will not be allocated because stdin is not a terminal.
Welcome to Ubuntu 24.04.3 LTS (GNU/Linux 6.14.0-1011-aws x86_64)

 * Documentation:  https://help.ubuntu.com
 * Management:     https://landscape.canonical.com
 * Support:        https://ubuntu.com/pro

 System information as of Wed Oct 22 08:47:01 UTC 2025

  System load:  0.0               Processes:             126
  Usage of /:   35.8% of 6.71GB   Users logged in:       0
  Memory usage: 8%                IPv4 address for enX0: 172.31.21.242
  Swap usage:   0%


Expanded Security Maintenance for Applications is not enabled.

60 updates can be applied immediately.
29 of these updates are standard security updates.
To see these additional updates run: apt list --upgradable

1 additional security update can be applied with ESM Apps.
Learn more about enabling ESM Apps service at https://ubuntu.com/esm


[SUCCESS] Remote directory ready.
[INFO] Cloning repository on remote server...
Pseudo-terminal will not be allocated because stdin is not a terminal.
Welcome to Ubuntu 24.04.3 LTS (GNU/Linux 6.14.0-1011-aws x86_64)

 * Documentation:  https://help.ubuntu.com
 * Management:     https://landscape.canonical.com
 * Support:        https://ubuntu.com/pro

 System information as of Wed Oct 22 08:47:01 UTC 2025

  System load:  0.0               Processes:             126
  Usage of /:   35.8% of 6.71GB   Users logged in:       0
  Memory usage: 8%                IPv4 address for enX0: 172.31.21.242
  Swap usage:   0%


Expanded Security Maintenance for Applications is not enabled.

60 updates can be applied immediately.
29 of these updates are standard security updates.
To see these additional updates run: apt list --upgradable

1 additional security update can be applied with ESM Apps.
Learn more about enabling ESM Apps service at https://ubuntu.com/esm


Cloning into '.'...
[SUCCESS] Repository cloned/updated.
[INFO] Installing Docker & Docker Compose...
Pseudo-terminal will not be allocated because stdin is not a terminal.
Welcome to Ubuntu 24.04.3 LTS (GNU/Linux 6.14.0-1011-aws x86_64)

 * Documentation:  https://help.ubuntu.com
 * Management:     https://landscape.canonical.com
 * Support:        https://ubuntu.com/pro

 System information as of Wed Oct 22 08:47:01 UTC 2025

  System load:  0.0               Processes:             126
  Usage of /:   35.8% of 6.71GB   Users logged in:       0
  Memory usage: 8%                IPv4 address for enX0: 172.31.21.242
  Swap usage:   0%


Expanded Security Maintenance for Applications is not enabled.

60 updates can be applied immediately.
29 of these updates are standard security updates.
To see these additional updates run: apt list --upgradable

1 additional security update can be applied with ESM Apps.
Learn more about enabling ESM Apps service at https://ubuntu.com/esm



WARNING: apt does not have a stable CLI interface. Use with caution in scripts.

Hit:1 http://us-east-1.ec2.archive.ubuntu.com/ubuntu noble InRelease
Hit:2 http://us-east-1.ec2.archive.ubuntu.com/ubuntu noble-updates InRelease
Hit:3 http://us-east-1.ec2.archive.ubuntu.com/ubuntu noble-backports InRelease
Hit:4 http://security.ubuntu.com/ubuntu noble-security InRelease
Reading package lists...
Building dependency tree...
Reading state information...
55 packages can be upgraded. Run 'apt list --upgradable' to see them.
Reading package lists...
Building dependency tree...
WARNING: apt does not have a stable CLI interface. Use with caution in scripts.


Reading state information...
docker.io is already the newest version (28.2.2-0ubuntu1~24.04.1).
docker-compose is already the newest version (1.29.2-6ubuntu1).
0 upgraded, 0 newly installed, 0 to remove and 55 not upgraded.
Docker version 28.2.2, build 28.2.2-0ubuntu1~24.04.1
docker-compose version 1.29.2, build unknown
[SUCCESS] Dependencies installed successfully.
[INFO] Creating Nginx config for Docker...
Pseudo-terminal will not be allocated because stdin is not a terminal.
Welcome to Ubuntu 24.04.3 LTS (GNU/Linux 6.14.0-1011-aws x86_64)

 * Documentation:  https://help.ubuntu.com
 * Management:     https://landscape.canonical.com
 * Support:        https://ubuntu.com/pro

 System information as of Wed Oct 22 08:47:01 UTC 2025

  System load:  0.0               Processes:             126
  Usage of /:   35.8% of 6.71GB   Users logged in:       0
  Memory usage: 8%                IPv4 address for enX0: 172.31.21.242
  Swap usage:   0%


Expanded Security Maintenance for Applications is not enabled.

60 updates can be applied immediately.
29 of these updates are standard security updates.
To see these additional updates run: apt list --upgradable

1 additional security update can be applied with ESM Apps.
Learn more about enabling ESM Apps service at https://ubuntu.com/esm


[SUCCESS] Nginx config created.
[INFO] Creating docker-compose.yml...
Pseudo-terminal will not be allocated because stdin is not a terminal.
Welcome to Ubuntu 24.04.3 LTS (GNU/Linux 6.14.0-1011-aws x86_64)

 * Documentation:  https://help.ubuntu.com
 * Management:     https://landscape.canonical.com
 * Support:        https://ubuntu.com/pro

 System information as of Wed Oct 22 08:47:01 UTC 2025

  System load:  0.0               Processes:             126
  Usage of /:   35.8% of 6.71GB   Users logged in:       0
  Memory usage: 8%                IPv4 address for enX0: 172.31.21.242
  Swap usage:   0%


Expanded Security Maintenance for Applications is not enabled.

60 updates can be applied immediately.
29 of these updates are standard security updates.
To see these additional updates run: apt list --upgradable

1 additional security update can be applied with ESM Apps.
Learn more about enabling ESM Apps service at https://ubuntu.com/esm


[SUCCESS] Docker Compose file created.
[INFO] Deploying containers with Docker Compose...
Pseudo-terminal will not be allocated because stdin is not a terminal.
Welcome to Ubuntu 24.04.3 LTS (GNU/Linux 6.14.0-1011-aws x86_64)

 * Documentation:  https://help.ubuntu.com
 * Management:     https://landscape.canonical.com
 * Support:        https://ubuntu.com/pro

 System information as of Wed Oct 22 08:47:01 UTC 2025

  System load:  0.0               Processes:             126
  Usage of /:   35.8% of 6.71GB   Users logged in:       0
  Memory usage: 8%                IPv4 address for enX0: 172.31.21.242
  Swap usage:   0%


Expanded Security Maintenance for Applications is not enabled.

60 updates can be applied immediately.
29 of these updates are standard security updates.
To see these additional updates run: apt list --upgradable

1 additional security update can be applied with ESM Apps.
Learn more about enabling ESM Apps service at https://ubuntu.com/esm


Removing network app_webnet
Network app_webnet not found.
Sending build context to Docker daemon  123.9kB
Step 1/4 : FROM nginx:latest
 ---> 657fdcd1c365
Step 2/4 : COPY index.html /usr/share/nginx/html/index.html
 ---> Using cache
 ---> 852ab0197881
Step 3/4 : EXPOSE 80
 ---> Using cache
 ---> 7f59e59f9da2
Step 4/4 : CMD ["nginx", "-g", "daemon off;"]
 ---> Using cache
 ---> 03df964c086f
Successfully built 03df964c086f
Creating network "app_webnet" with driver "bridge"
Building app
DEPRECATED: The legacy builder is deprecated and will be removed in a future release.
            Install the buildx component to build images with BuildKit:
            https://docs.docker.com/go/buildx/

Successfully tagged app_app:latest
Creating myappservice ... 
Creating myappservice ... done
Creating nginx        ... 
Host is already in use by another container
Creating nginx        ... error

ERROR: for nginx  Cannot start service nginx: failed to set up container networking: driver failed programming external connectivity on endpoint nginx (a53a956e8b9489378bff7d5a5ff1072f4f9dff7e422b92c27cac3b91a2a2d66f): failed to bind host port for 0.0.0.0:80:172.19.0.3:80/tcp: address already in use

ERROR: for nginx  Cannot start service nginx: failed to set up container networking: driver failed programming external connectivity on endpoint nginx (a53a956e8b9489378bff7d5a5ff1072f4f9dff7e422b92c27cac3b91a2a2d66f): failed to bind host port for 0.0.0.0:80:172.19.0.3:80/tcp: address already in use
Encountered errors while bringing up the project.

[❌ ERROR] Something failed. Check logs/deploy_20251022_094413.log for details.

