
=== 🧠 Deployment Setup ===
Enter GitHub Repo URL: Enter GitHub Personal Access Token: Enter Branch name (default: main): Enter SSH Username: Enter Server IP Address: Enter SSH Key Path: Enter Application Port: [INFO] Connecting to remote server and installing dependencies...
Pseudo-terminal will not be allocated because stdin is not a terminal.
Welcome to Ubuntu 24.04.3 LTS (GNU/Linux 6.14.0-1011-aws x86_64)

 * Documentation:  https://help.ubuntu.com
 * Management:     https://landscape.canonical.com
 * Support:        https://ubuntu.com/pro

 System information as of Tue Oct 21 23:15:46 UTC 2025

  System load:  0.0               Processes:             114
  Usage of /:   37.5% of 6.71GB   Users logged in:       1
  Memory usage: 29%               IPv4 address for enX0: 172.31.23.101
  Swap usage:   0%

 * Ubuntu Pro delivers the most comprehensive open source security and
   compliance features.

   https://ubuntu.com/aws/pro

Expanded Security Maintenance for Applications is not enabled.

60 updates can be applied immediately.
29 of these updates are standard security updates.
To see these additional updates run: apt list --upgradable

1 additional security update can be applied with ESM Apps.
Learn more about enabling ESM Apps service at https://ubuntu.com/esm


Updating system packages...

WARNING: apt does not have a stable CLI interface. Use with caution in scripts.

Hit:1 http://us-east-1.ec2.archive.ubuntu.com/ubuntu noble InRelease
Hit:2 http://us-east-1.ec2.archive.ubuntu.com/ubuntu noble-updates InRelease
Hit:3 http://us-east-1.ec2.archive.ubuntu.com/ubuntu noble-backports InRelease
Hit:4 http://security.ubuntu.com/ubuntu noble-security InRelease
Reading package lists...
Building dependency tree...
Reading state information...
55 packages can be upgraded. Run 'apt list --upgradable' to see them.
Installing Docker, Docker Compose, and Nginx...
Reading package lists...
Building dependency tree...
WARNING: apt does not have a stable CLI interface. Use with caution in scripts.


Reading state information...
docker.io is already the newest version (28.2.2-0ubuntu1~24.04.1).
docker-compose is already the newest version (1.29.2-6ubuntu1).
nginx is already the newest version (1.24.0-2ubuntu7.5).
0 upgraded, 0 newly installed, 0 to remove and 55 not upgraded.
Enabling and starting Docker service...
Verifying installations...
Docker version 28.2.2, build 28.2.2-0ubuntu1~24.04.1
nginx version: nginx/1.24.0 (Ubuntu)
[SUCCESS] Remote server setup complete.
[INFO] Transferring project files to remote server...
[SUCCESS] Project files successfully transferred.
[INFO] Deploying Dockerized application...
Pseudo-terminal will not be allocated because stdin is not a terminal.
Welcome to Ubuntu 24.04.3 LTS (GNU/Linux 6.14.0-1011-aws x86_64)

 * Documentation:  https://help.ubuntu.com
 * Management:     https://landscape.canonical.com
 * Support:        https://ubuntu.com/pro

 System information as of Tue Oct 21 23:17:29 UTC 2025

  System load:  0.14              Processes:             119
  Usage of /:   37.5% of 6.71GB   Users logged in:       1
  Memory usage: 30%               IPv4 address for enX0: 172.31.23.101
  Swap usage:   0%

 * Ubuntu Pro delivers the most comprehensive open source security and
   compliance features.

   https://ubuntu.com/aws/pro

Expanded Security Maintenance for Applications is not enabled.

60 updates can be applied immediately.
29 of these updates are standard security updates.
To see these additional updates run: apt list --upgradable

1 additional security update can be applied with ESM Apps.
Learn more about enabling ESM Apps service at https://ubuntu.com/esm


Building Docker image...
DEPRECATED: The legacy builder is deprecated and will be removed in a future release.
            Install the buildx component to build images with BuildKit:
            https://docs.docker.com/go/buildx/

Sending build context to Docker daemon  164.9kB
Step 1/4 : FROM nginx:latest
 ---> 657fdcd1c365
Step 2/4 : COPY index.html /usr/share/nginx/html/index.html
 ---> Using cache
 ---> 8f1e484d04d4
Step 3/4 : EXPOSE 80
 ---> Using cache
 ---> 6dad7b4916b4
Step 4/4 : CMD ["nginx", "-g", "daemon off;"]
 ---> Using cache
 ---> 8849bf792bdb
Successfully built 8849bf792bdb
Successfully tagged myapp:latest
Checking for existing myapp container...
Removing existing myapp container...
myapp
Running new container...
d8881d212bce5cf840fcc3c6fdabdc163113348daab4f539a767da22a7f0bbe5
[SUCCESS] Docker container deployed successfully.
[INFO] Configuring Nginx reverse proxy...
Pseudo-terminal will not be allocated because stdin is not a terminal.
Welcome to Ubuntu 24.04.3 LTS (GNU/Linux 6.14.0-1011-aws x86_64)

 * Documentation:  https://help.ubuntu.com
 * Management:     https://landscape.canonical.com
 * Support:        https://ubuntu.com/pro

 System information as of Tue Oct 21 23:17:29 UTC 2025

  System load:  0.14              Processes:             119
  Usage of /:   37.5% of 6.71GB   Users logged in:       1
  Memory usage: 30%               IPv4 address for enX0: 172.31.23.101
  Swap usage:   0%

 * Ubuntu Pro delivers the most comprehensive open source security and
   compliance features.

   https://ubuntu.com/aws/pro

Expanded Security Maintenance for Applications is not enabled.

60 updates can be applied immediately.
29 of these updates are standard security updates.
To see these additional updates run: apt list --upgradable

1 additional security update can be applied with ESM Apps.
Learn more about enabling ESM Apps service at https://ubuntu.com/esm


2025/10/21 23:17:35 [emerg] 6262#6262: invalid number of arguments in "proxy_set_header" directive in /etc/nginx/sites-enabled/myapp:6
nginx: configuration file /etc/nginx/nginx.conf test failed

[❌ ERROR] Something failed. Check logs/deploy_20251022_001247.log for details.

