
=== 🧠 Deployment Setup ===
Enter GitHub Repo URL: Enter GitHub Personal Access Token: Enter Branch name (default: main): Enter SSH Username: Enter Server IP Address: Enter SSH Key Path: Enter Application Internal Port (container port, e.g., 80): [INFO] Preparing remote directory...
Pseudo-terminal will not be allocated because stdin is not a terminal.
Welcome to Ubuntu 24.04.3 LTS (GNU/Linux 6.14.0-1011-aws x86_64)

 * Documentation:  https://help.ubuntu.com
 * Management:     https://landscape.canonical.com
 * Support:        https://ubuntu.com/pro

 System information as of Wed Oct 22 14:24:42 UTC 2025

  System load:  0.0               Temperature:           -273.1 C
  Usage of /:   35.8% of 6.71GB   Processes:             124
  Memory usage: 34%               Users logged in:       0
  Swap usage:   0%                IPv4 address for ens5: 172.31.21.208

 * Ubuntu Pro delivers the most comprehensive open source security and
   compliance features.

   https://ubuntu.com/aws/pro

Expanded Security Maintenance for Applications is not enabled.

59 updates can be applied immediately.
29 of these updates are standard security updates.
To see these additional updates run: apt list --upgradable

1 additional security update can be applied with ESM Apps.
Learn more about enabling ESM Apps service at https://ubuntu.com/esm


[SUCCESS] Remote directory ready.
[INFO] Cloning repository on remote server...
Pseudo-terminal will not be allocated because stdin is not a terminal.
Welcome to Ubuntu 24.04.3 LTS (GNU/Linux 6.14.0-1011-aws x86_64)

 * Documentation:  https://help.ubuntu.com
 * Management:     https://landscape.canonical.com
 * Support:        https://ubuntu.com/pro

 System information as of Wed Oct 22 14:24:42 UTC 2025

  System load:  0.0               Temperature:           -273.1 C
  Usage of /:   35.8% of 6.71GB   Processes:             124
  Memory usage: 34%               Users logged in:       0
  Swap usage:   0%                IPv4 address for ens5: 172.31.21.208

 * Ubuntu Pro delivers the most comprehensive open source security and
   compliance features.

   https://ubuntu.com/aws/pro

Expanded Security Maintenance for Applications is not enabled.

59 updates can be applied immediately.
29 of these updates are standard security updates.
To see these additional updates run: apt list --upgradable

1 additional security update can be applied with ESM Apps.
Learn more about enabling ESM Apps service at https://ubuntu.com/esm


Cloning into '.'...
[SUCCESS] Repository cloned/updated.
[INFO] Installing Docker & Docker Compose...
Pseudo-terminal will not be allocated because stdin is not a terminal.
Welcome to Ubuntu 24.04.3 LTS (GNU/Linux 6.14.0-1011-aws x86_64)

 * Documentation:  https://help.ubuntu.com
 * Management:     https://landscape.canonical.com
 * Support:        https://ubuntu.com/pro

 System information as of Wed Oct 22 14:24:42 UTC 2025

  System load:  0.0               Temperature:           -273.1 C
  Usage of /:   35.8% of 6.71GB   Processes:             124
  Memory usage: 34%               Users logged in:       0
  Swap usage:   0%                IPv4 address for ens5: 172.31.21.208

 * Ubuntu Pro delivers the most comprehensive open source security and
   compliance features.

   https://ubuntu.com/aws/pro

Expanded Security Maintenance for Applications is not enabled.

59 updates can be applied immediately.
29 of these updates are standard security updates.
To see these additional updates run: apt list --upgradable

1 additional security update can be applied with ESM Apps.
Learn more about enabling ESM Apps service at https://ubuntu.com/esm



WARNING: apt does not have a stable CLI interface. Use with caution in scripts.

Hit:1 http://us-east-1.ec2.archive.ubuntu.com/ubuntu noble InRelease
Hit:2 http://us-east-1.ec2.archive.ubuntu.com/ubuntu noble-updates InRelease
Hit:3 http://us-east-1.ec2.archive.ubuntu.com/ubuntu noble-backports InRelease
Hit:4 http://security.ubuntu.com/ubuntu noble-security InRelease
Reading package lists...
Building dependency tree...
Reading state information...
55 packages can be upgraded. Run 'apt list --upgradable' to see them.
Reading package lists...
WARNING: apt does not have a stable CLI interface. Use with caution in scripts.


Building dependency tree...
Reading state information...
docker.io is already the newest version (28.2.2-0ubuntu1~24.04.1).
docker-compose is already the newest version (1.29.2-6ubuntu1).
0 upgraded, 0 newly installed, 0 to remove and 55 not upgraded.
Docker version 28.2.2, build 28.2.2-0ubuntu1~24.04.1
docker-compose version 1.29.2, build unknown
[SUCCESS] Dependencies installed successfully.
[INFO] Creating Nginx config for Docker...
Pseudo-terminal will not be allocated because stdin is not a terminal.
Welcome to Ubuntu 24.04.3 LTS (GNU/Linux 6.14.0-1011-aws x86_64)

 * Documentation:  https://help.ubuntu.com
 * Management:     https://landscape.canonical.com
 * Support:        https://ubuntu.com/pro

 System information as of Wed Oct 22 14:24:42 UTC 2025

  System load:  0.0               Temperature:           -273.1 C
  Usage of /:   35.8% of 6.71GB   Processes:             124
  Memory usage: 34%               Users logged in:       0
  Swap usage:   0%                IPv4 address for ens5: 172.31.21.208

 * Ubuntu Pro delivers the most comprehensive open source security and
   compliance features.

   https://ubuntu.com/aws/pro

Expanded Security Maintenance for Applications is not enabled.

59 updates can be applied immediately.
29 of these updates are standard security updates.
To see these additional updates run: apt list --upgradable

1 additional security update can be applied with ESM Apps.
Learn more about enabling ESM Apps service at https://ubuntu.com/esm


[SUCCESS] Nginx config created.
[INFO] Creating docker-compose.yml...
Pseudo-terminal will not be allocated because stdin is not a terminal.
Welcome to Ubuntu 24.04.3 LTS (GNU/Linux 6.14.0-1011-aws x86_64)

 * Documentation:  https://help.ubuntu.com
 * Management:     https://landscape.canonical.com
 * Support:        https://ubuntu.com/pro

 System information as of Wed Oct 22 14:24:42 UTC 2025

  System load:  0.0               Temperature:           -273.1 C
  Usage of /:   35.8% of 6.71GB   Processes:             124
  Memory usage: 34%               Users logged in:       0
  Swap usage:   0%                IPv4 address for ens5: 172.31.21.208

 * Ubuntu Pro delivers the most comprehensive open source security and
   compliance features.

   https://ubuntu.com/aws/pro

Expanded Security Maintenance for Applications is not enabled.

59 updates can be applied immediately.
29 of these updates are standard security updates.
To see these additional updates run: apt list --upgradable

1 additional security update can be applied with ESM Apps.
Learn more about enabling ESM Apps service at https://ubuntu.com/esm


[SUCCESS] Docker Compose file created.
[INFO] Deploying containers with Docker Compose...
Pseudo-terminal will not be allocated because stdin is not a terminal.
Welcome to Ubuntu 24.04.3 LTS (GNU/Linux 6.14.0-1011-aws x86_64)

 * Documentation:  https://help.ubuntu.com
 * Management:     https://landscape.canonical.com
 * Support:        https://ubuntu.com/pro

 System information as of Wed Oct 22 14:24:42 UTC 2025

  System load:  0.0               Temperature:           -273.1 C
  Usage of /:   35.8% of 6.71GB   Processes:             124
  Memory usage: 34%               Users logged in:       0
  Swap usage:   0%                IPv4 address for ens5: 172.31.21.208

 * Ubuntu Pro delivers the most comprehensive open source security and
   compliance features.

   https://ubuntu.com/aws/pro

Expanded Security Maintenance for Applications is not enabled.

59 updates can be applied immediately.
29 of these updates are standard security updates.
To see these additional updates run: apt list --upgradable

1 additional security update can be applied with ESM Apps.
Learn more about enabling ESM Apps service at https://ubuntu.com/esm


Stopping myapp ... 
Stopping myapp ... done
Removing nginx ... 
Removing myapp ... 
Removing nginx ... done
Removing myapp ... done
Removing network app_webnet
Sending build context to Docker daemon  224.8kB
Step 1/4 : FROM nginx:latest
 ---> 657fdcd1c365
Step 2/4 : COPY index.html /usr/share/nginx/html/index.html
 ---> Using cache
 ---> 783e00cca55a
Step 3/4 : EXPOSE 80
 ---> Using cache
Creating network "app_webnet" with driver "bridge"
Building app
DEPRECATED: The legacy builder is deprecated and will be removed in a future release.
            Install the buildx component to build images with BuildKit:
            https://docs.docker.com/go/buildx/

 ---> 39940881fef7
Step 4/4 : CMD ["nginx", "-g", "daemon off;"]
 ---> Using cache
 ---> 680db45609d4
Successfully built 680db45609d4
Successfully tagged app_app:latest
Creating myapp ... 
Creating myapp ... done
Creating nginx ... 
Creating nginx ... done
[SUCCESS] Containers deployed successfully.
[INFO] Validating deployment...
Pseudo-terminal will not be allocated because stdin is not a terminal.
Welcome to Ubuntu 24.04.3 LTS (GNU/Linux 6.14.0-1011-aws x86_64)

 * Documentation:  https://help.ubuntu.com
 * Management:     https://landscape.canonical.com
 * Support:        https://ubuntu.com/pro

 System information as of Wed Oct 22 14:24:42 UTC 2025

  System load:  0.0               Temperature:           -273.1 C
  Usage of /:   35.8% of 6.71GB   Processes:             124
  Memory usage: 34%               Users logged in:       0
  Swap usage:   0%                IPv4 address for ens5: 172.31.21.208

 * Ubuntu Pro delivers the most comprehensive open source security and
   compliance features.

   https://ubuntu.com/aws/pro

Expanded Security Maintenance for Applications is not enabled.

59 updates can be applied immediately.
29 of these updates are standard security updates.
To see these additional updates run: apt list --upgradable

1 additional security update can be applied with ESM Apps.
Learn more about enabling ESM Apps service at https://ubuntu.com/esm


CONTAINER ID   IMAGE     COMMAND                  CREATED         STATUS         PORTS              NAMES
f4d9a10a18d9   app_app   "/docker-entrypoint.…"   5 seconds ago   Up 5 seconds   80/tcp, 5007/tcp   myapp
  % Total    % Received % Xferd  Average Speed   Time    Time     Time  Current
                                 Dload  Upload   Total   Spent    Left  Speed
  0     0    0     0    0     0      0      0 --:--:-- --:--:-- --:--:--     0  0     0    0     0    0     0      0      0 --:--:-- --:--:-- --:--:--     0
curl: (7) Failed to connect to localhost port 80 after 0 ms: Couldn't connect to server
[SUCCESS] Deployment completed! Visit your app at http://34.228.6.126

🎉 Deployment logs saved to logs/deploy_20251022_152344.log

